#
# There is insufficient memory for the Java Runtime Environment to continue.
# Native memory allocation (malloc) failed to allocate 1149776 bytes. Error detail: Chunk::new
# Possible reasons:
#   The system is out of physical RAM or swap space
#   This process is running with CompressedOops enabled, and the Java Heap may be blocking the growth of the native heap
# Possible solutions:
#   Reduce memory load on the system
#   Increase physical memory or swap space
#   Check if swap backing store is full
#   Decrease Java heap size (-Xmx/-Xms)
#   Decrease number of Java threads
#   Decrease Java thread stack sizes (-Xss)
#   Set larger code cache with -XX:ReservedCodeCacheSize=
#   JVM is running with Unscaled Compressed Oops mode in which the Java heap is
#     placed in the first 4GB address space. The Java Heap base address is the
#     maximum limit for the native heap growth. Please use -XX:HeapBaseMinAddress
#     to set the Java Heap base and to place the Java Heap above 4GB virtual address.
# This output file may be truncated or incomplete.
#
#  Out of Memory Error (arena.cpp:168), pid=28896, tid=4616
#
# JRE version: OpenJDK Runtime Environment Temurin-21.0.8+9 (21.0.8+9) (build 21.0.8+9-LTS)
# Java VM: OpenJDK 64-Bit Server VM Temurin-21.0.8+9 (21.0.8+9-LTS, mixed mode, tiered, compressed oops, compressed class ptrs, parallel gc, windows-amd64)
# No core dump will be written. Minidumps are not enabled by default on client versions of Windows
#

---------------  S U M M A R Y ------------

Command Line: --add-modules=ALL-SYSTEM --add-opens=java.base/java.util=ALL-UNNAMED --add-opens=java.base/java.lang=ALL-UNNAMED --add-opens=java.base/sun.nio.fs=ALL-UNNAMED -Declipse.application=org.eclipse.jdt.ls.core.id1 -Dosgi.bundles.defaultStartLevel=4 -Declipse.product=org.eclipse.jdt.ls.core.product -Djava.import.generatesMetadataFilesAtProjectRoot=false -DDetectVMInstallationsJob.disabled=true -Dfile.encoding=utf8 -XX:+UseParallelGC -XX:GCTimeRatio=4 -XX:AdaptiveSizePolicyWeight=90 -Dsun.zip.disableMemoryMapping=true -Xmx2G -Xms100m -Xlog:disable -javaagent:c:\Users\Lenovo\.vscode\extensions\redhat.java-1.45.0-win32-x64\lombok\lombok-1.18.39-4050.jar -XX:+HeapDumpOnOutOfMemoryError -XX:HeapDumpPath=c:\Users\Lenovo\AppData\Roaming\Code\User\workspaceStorage\c27a29a5bd73a0803423ca888fe5830f\redhat.java -Daether.dependencyCollector.impl=bf c:\Users\Lenovo\.vscode\extensions\redhat.java-1.45.0-win32-x64\server\plugins\org.eclipse.equinox.launcher_1.7.0.v20250519-0528.jar -configuration c:\Users\Lenovo\AppData\Roaming\Code\User\globalStorage\redhat.java\1.45.0\config_win -data c:\Users\Lenovo\AppData\Roaming\Code\User\workspaceStorage\c27a29a5bd73a0803423ca888fe5830f\redhat.java\jdt_ws --pipe=\\.\pipe\lsp-4d047faf089980810adf1a34227998df-sock

Host: AMD Ryzen 3 7320U with Radeon Graphics         , 8 cores, 5G,  Windows 11 , 64 bit Build 26100 (10.0.26100.4768)
Time: Sun Sep 14 00:02:35 2025 India Standard Time elapsed time: 428.911888 seconds (0d 0h 7m 8s)

---------------  T H R E A D  ---------------

Current thread (0x00000186b8a3f330):  JavaThread "C2 CompilerThread0" daemon [_thread_in_native, id=4616, stack(0x00000077f7a00000,0x00000077f7b00000) (1024K)]


Current CompileTask:
C2:428911 17272   !   4       org.eclipse.jdt.internal.core.NameLookup::<init> (805 bytes)

Stack: [0x00000077f7a00000,0x00000077f7b00000]
Native frames: (J=compiled Java code, j=interpreted, Vv=VM code, C=native code)
V  [jvm.dll+0x6d2449]
V  [jvm.dll+0x8ae341]
V  [jvm.dll+0x8b08be]
V  [jvm.dll+0x8b0fa3]
V  [jvm.dll+0x280c96]
V  [jvm.dll+0xc581d]
V  [jvm.dll+0xc5d53]
V  [jvm.dll+0x3b9162]
V  [jvm.dll+0x385315]
V  [jvm.dll+0x38477a]
V  [jvm.dll+0x248ed0]
V  [jvm.dll+0x2484af]
V  [jvm.dll+0x1c89ee]
V  [jvm.dll+0x257d4d]
V  [jvm.dll+0x2562ea]
V  [jvm.dll+0x3f2d16]
V  [jvm.dll+0x857e6b]
V  [jvm.dll+0x6d0b0d]
C  [ucrtbase.dll+0x37b0]
C  [KERNEL32.DLL+0x2e8d7]
C  [ntdll.dll+0x3c34c]


---------------  P R O C E S S  ---------------

Threads class SMR info:
_java_thread_list=0x00000186bb24e4e0, length=53, elements={
0x000001869d13d7e0, 0x00000186b8a33330, 0x00000186b8a0fc40, 0x00000186b8a1ad10,
0x00000186b8a1dd20, 0x00000186b8a36b10, 0x00000186b8a380d0, 0x00000186b8a3f330,
0x00000186b8a55a30, 0x00000186b8b3ae70, 0x00000186b9ae4e10, 0x00000186b9ea9dc0,
0x00000186ba080740, 0x00000186b8c204c0, 0x00000186b8c15b70, 0x00000186b9c0c720,
0x00000186b9c0c090, 0x00000186b9c0ee80, 0x00000186b9c0dad0, 0x00000186bc2dd5a0,
0x00000186bc2e0a20, 0x00000186bc2e10b0, 0x00000186bc2df670, 0x00000186bc2dfd00,
0x00000186bc2ddc30, 0x00000186bc2de2c0, 0x00000186bc2e3810, 0x00000186bc2e1740,
0x00000186bc2e1dd0, 0x00000186bc2e2460, 0x00000186bc2e0390, 0x00000186bc2e2af0,
0x00000186bc2e4530, 0x00000186bc2e3ea0, 0x00000186bdf11eb0, 0x00000186bdf12540,
0x00000186bdf138f0, 0x00000186bb146490, 0x00000186bb145e00, 0x00000186bb147ed0,
0x00000186bb144a50, 0x00000186bb148560, 0x00000186bb14c070, 0x00000186bb14a630,
0x00000186bb14b9e0, 0x00000186bb149fa0, 0x00000186bdf14ca0, 0x00000186b9d73b60,
0x00000186b9d741f0, 0x00000186b9d71400, 0x00000186b9d71a90, 0x00000186b9d734d0,
0x00000186bb0aa7c0
}

Java Threads: ( => current thread )
  0x000001869d13d7e0 JavaThread "main"                              [_thread_blocked, id=18608, stack(0x00000077f7000000,0x00000077f7100000) (1024K)]
  0x00000186b8a33330 JavaThread "Reference Handler"          daemon [_thread_blocked, id=2380, stack(0x00000077f7400000,0x00000077f7500000) (1024K)]
  0x00000186b8a0fc40 JavaThread "Finalizer"                  daemon [_thread_blocked, id=1740, stack(0x00000077f7500000,0x00000077f7600000) (1024K)]
  0x00000186b8a1ad10 JavaThread "Signal Dispatcher"          daemon [_thread_blocked, id=26584, stack(0x00000077f7600000,0x00000077f7700000) (1024K)]
  0x00000186b8a1dd20 JavaThread "Attach Listener"            daemon [_thread_blocked, id=22464, stack(0x00000077f7700000,0x00000077f7800000) (1024K)]
  0x00000186b8a36b10 JavaThread "Service Thread"             daemon [_thread_blocked, id=28336, stack(0x00000077f7800000,0x00000077f7900000) (1024K)]
  0x00000186b8a380d0 JavaThread "Monitor Deflation Thread"   daemon [_thread_blocked, id=26976, stack(0x00000077f7900000,0x00000077f7a00000) (1024K)]
=>0x00000186b8a3f330 JavaThread "C2 CompilerThread0"         daemon [_thread_in_native, id=4616, stack(0x00000077f7a00000,0x00000077f7b00000) (1024K)]
  0x00000186b8a55a30 JavaThread "C1 CompilerThread0"         daemon [_thread_blocked, id=9504, stack(0x00000077f7b00000,0x00000077f7c00000) (1024K)]
  0x00000186b8b3ae70 JavaThread "Common-Cleaner"             daemon [_thread_blocked, id=23128, stack(0x00000077f7c00000,0x00000077f7d00000) (1024K)]
  0x00000186b9ae4e10 JavaThread "Notification Thread"        daemon [_thread_blocked, id=17500, stack(0x00000077f7d00000,0x00000077f7e00000) (1024K)]
  0x00000186b9ea9dc0 JavaThread "Active Thread: Equinox Container: c292f598-cb7d-432d-9440-5c494296512e"        [_thread_blocked, id=11512, stack(0x00000077f8500000,0x00000077f8600000) (1024K)]
  0x00000186ba080740 JavaThread "Refresh Thread: Equinox Container: c292f598-cb7d-432d-9440-5c494296512e" daemon [_thread_blocked, id=20520, stack(0x00000077f7e00000,0x00000077f7f00000) (1024K)]
  0x00000186b8c204c0 JavaThread "Framework Event Dispatcher: Equinox Container: c292f598-cb7d-432d-9440-5c494296512e" daemon [_thread_blocked, id=5980, stack(0x00000077f8700000,0x00000077f8800000) (1024K)]
  0x00000186b8c15b70 JavaThread "Start Level: Equinox Container: c292f598-cb7d-432d-9440-5c494296512e" daemon [_thread_blocked, id=18712, stack(0x00000077f8800000,0x00000077f8900000) (1024K)]
  0x00000186b9c0c720 JavaThread "Bundle File Closer"         daemon [_thread_blocked, id=17916, stack(0x00000077f8a00000,0x00000077f8b00000) (1024K)]
  0x00000186b9c0c090 JavaThread "SCR Component Actor"        daemon [_thread_blocked, id=23012, stack(0x00000077f8900000,0x00000077f8a00000) (1024K)]
  0x00000186b9c0ee80 JavaThread "Worker-JM"                         [_thread_blocked, id=13828, stack(0x00000077f8c00000,0x00000077f8d00000) (1024K)]
  0x00000186b9c0dad0 JavaThread "JNA Cleaner"                daemon [_thread_blocked, id=25276, stack(0x00000077f8d00000,0x00000077f8e00000) (1024K)]
  0x00000186bc2dd5a0 JavaThread "Java indexing"              daemon [_thread_blocked, id=9648, stack(0x00000077f9100000,0x00000077f9200000) (1024K)]
  0x00000186bc2e0a20 JavaThread "Worker-2"                          [_thread_blocked, id=2684, stack(0x00000077f9200000,0x00000077f9300000) (1024K)]
  0x00000186bc2e10b0 JavaThread "Worker-5"                          [_thread_blocked, id=10016, stack(0x00000077f9700000,0x00000077f9800000) (1024K)]
  0x00000186bc2df670 JavaThread "Thread-2"                   daemon [_thread_in_native, id=4128, stack(0x00000077f9800000,0x00000077f9900000) (1024K)]
  0x00000186bc2dfd00 JavaThread "Thread-3"                   daemon [_thread_in_native, id=24996, stack(0x00000077f9900000,0x00000077f9a00000) (1024K)]
  0x00000186bc2ddc30 JavaThread "Thread-4"                   daemon [_thread_in_native, id=18164, stack(0x00000077f9a00000,0x00000077f9b00000) (1024K)]
  0x00000186bc2de2c0 JavaThread "Thread-5"                   daemon [_thread_in_native, id=24220, stack(0x00000077f9b00000,0x00000077f9c00000) (1024K)]
  0x00000186bc2e3810 JavaThread "Thread-6"                   daemon [_thread_in_native, id=7116, stack(0x00000077f9c00000,0x00000077f9d00000) (1024K)]
  0x00000186bc2e1740 JavaThread "Thread-7"                   daemon [_thread_in_native, id=4044, stack(0x00000077f9d00000,0x00000077f9e00000) (1024K)]
  0x00000186bc2e1dd0 JavaThread "Thread-8"                   daemon [_thread_in_native, id=14032, stack(0x00000077f9e00000,0x00000077f9f00000) (1024K)]
  0x00000186bc2e2460 JavaThread "Thread-9"                   daemon [_thread_in_native, id=9124, stack(0x00000077f9f00000,0x00000077fa000000) (1024K)]
  0x00000186bc2e0390 JavaThread "Thread-10"                  daemon [_thread_in_native, id=26016, stack(0x00000077fa000000,0x00000077fa100000) (1024K)]
  0x00000186bc2e2af0 JavaThread "pool-2-thread-1"                   [_thread_blocked, id=29024, stack(0x00000077fa100000,0x00000077fa200000) (1024K)]
  0x00000186bc2e4530 JavaThread "WorkspaceEventsHandler"            [_thread_blocked, id=22960, stack(0x00000077fa200000,0x00000077fa300000) (1024K)]
  0x00000186bc2e3ea0 JavaThread "pool-1-thread-1"                   [_thread_blocked, id=7296, stack(0x00000077fa300000,0x00000077fa400000) (1024K)]
  0x00000186bdf11eb0 JavaThread "ForkJoinPool.commonPool-worker-1" daemon [_thread_blocked, id=3044, stack(0x00000077f8b00000,0x00000077f8c00000) (1024K)]
  0x00000186bdf12540 JavaThread "ForkJoinPool.commonPool-worker-2" daemon [_thread_blocked, id=14300, stack(0x00000077fa600000,0x00000077fa700000) (1024K)]
  0x00000186bdf138f0 JavaThread "ForkJoinPool.commonPool-worker-3" daemon [_thread_blocked, id=320, stack(0x00000077fa700000,0x00000077fa800000) (1024K)]
  0x00000186bb146490 JavaThread "ForkJoinPool.commonPool-worker-4" daemon [_thread_blocked, id=23040, stack(0x00000077fa800000,0x00000077fa900000) (1024K)]
  0x00000186bb145e00 JavaThread "Cleaner-0"                  daemon [_thread_blocked, id=25436, stack(0x00000077fab00000,0x00000077fac00000) (1024K)]
  0x00000186bb147ed0 JavaThread "Compiler Source File Reader" daemon [_thread_blocked, id=8992, stack(0x00000077f6e00000,0x00000077f6f00000) (1024K)]
  0x00000186bb144a50 JavaThread "Compiler Source File Reader" daemon [_thread_blocked, id=14120, stack(0x00000077f9000000,0x00000077f9100000) (1024K)]
  0x00000186bb148560 JavaThread "Compiler Source File Reader" daemon [_thread_blocked, id=12572, stack(0x00000077f9600000,0x00000077f9700000) (1024K)]
  0x00000186bb14c070 JavaThread "Compiler Source File Reader" daemon [_thread_blocked, id=21756, stack(0x00000077f6d00000,0x00000077f6e00000) (1024K)]
  0x00000186bb14a630 JavaThread "Compiler Source File Reader" daemon [_thread_blocked, id=21304, stack(0x00000077faa00000,0x00000077fab00000) (1024K)]
  0x00000186bb14b9e0 JavaThread "Compiler Source File Reader" daemon [_thread_blocked, id=6108, stack(0x00000077f9400000,0x00000077f9500000) (1024K)]
  0x00000186bb149fa0 JavaThread "ForkJoinPool.commonPool-worker-6" daemon [_thread_blocked, id=21788, stack(0x00000077fad00000,0x00000077fae00000) (1024K)]
  0x00000186bdf14ca0 JavaThread "ForkJoinPool.commonPool-worker-7" daemon [_thread_blocked, id=21920, stack(0x00000077fae00000,0x00000077faf00000) (1024K)]
  0x00000186b9d73b60 JavaThread "Compiler Processing Task"   daemon [_thread_blocked, id=17540, stack(0x00000077f6f00000,0x00000077f7000000) (1024K)]
  0x00000186b9d741f0 JavaThread "pool-1-thread-3"                   [_thread_blocked, id=27116, stack(0x00000077f8f00000,0x00000077f9000000) (1024K)]
  0x00000186b9d71400 JavaThread "Worker-6"                          [_thread_blocked, id=13032, stack(0x00000077f8e00000,0x00000077f8f00000) (1024K)]
  0x00000186b9d71a90 JavaThread "ForkJoinPool.commonPool-worker-8" daemon [_thread_blocked, id=9960, stack(0x00000077f9500000,0x00000077f9600000) (1024K)]
  0x00000186b9d734d0 JavaThread "Worker-7"                          [_thread_blocked, id=27844, stack(0x00000077fa400000,0x00000077fa500000) (1024K)]
  0x00000186bb0aa7c0 JavaThread "C2 CompilerThread1"         daemon [_thread_blocked, id=13320, stack(0x00000077fa500000,0x00000077fa600000) (1024K)]
Total: 53

Other Threads:
  0x00000186b89e2b80 VMThread "VM Thread"                           [id=5596, stack(0x00000077f7300000,0x00000077f7400000) (1024K)]
  0x00000186b3abca00 WatcherThread "VM Periodic Task Thread"        [id=25852, stack(0x00000077f7200000,0x00000077f7300000) (1024K)]
  0x000001869d15b750 WorkerThread "GC Thread#0"                     [id=11464, stack(0x00000077f7100000,0x00000077f7200000) (1024K)]
  0x00000186b9f862e0 WorkerThread "GC Thread#1"                     [id=12336, stack(0x00000077f7f00000,0x00000077f8000000) (1024K)]
  0x00000186b9f5c920 WorkerThread "GC Thread#2"                     [id=29376, stack(0x00000077f8000000,0x00000077f8100000) (1024K)]
  0x00000186b9f5ccc0 WorkerThread "GC Thread#3"                     [id=14864, stack(0x00000077f8100000,0x00000077f8200000) (1024K)]
  0x00000186b9f5d060 WorkerThread "GC Thread#4"                     [id=17980, stack(0x00000077f8200000,0x00000077f8300000) (1024K)]
  0x00000186b9f5d400 WorkerThread "GC Thread#5"                     [id=4772, stack(0x00000077f8300000,0x00000077f8400000) (1024K)]
  0x00000186b9f5d7a0 WorkerThread "GC Thread#6"                     [id=24200, stack(0x00000077f8400000,0x00000077f8500000) (1024K)]
  0x00000186ba34c840 WorkerThread "GC Thread#7"                     [id=28552, stack(0x00000077f8600000,0x00000077f8700000) (1024K)]
Total: 10

Threads with active compile tasks:
C2 CompilerThread0  428966 17272   !   4       org.eclipse.jdt.internal.core.NameLookup::<init> (805 bytes)
Total: 1

VM state: not at safepoint (normal execution)

VM Mutex/Monitor currently owned by a thread: None

Heap address: 0x0000000080000000, size: 2048 MB, Compressed Oops mode: 32-bit

CDS archive(s) not mapped
Compressed class space mapped at: 0x0000000100000000-0x0000000140000000, reserved size: 1073741824
Narrow klass base: 0x0000000000000000, Narrow klass shift: 3, Narrow klass range: 0x140000000

GC Precious Log:
 CardTable entry size: 512
 CPUs: 8 total, 8 available
 Memory: 5965M
 Large Page Support: Disabled
 NUMA Support: Disabled
 Compressed Oops: Enabled (32-bit)
 Alignments: Space 512K, Generation 512K, Heap 2M
 Heap Min Capacity: 100M
 Heap Initial Capacity: 100M
 Heap Max Capacity: 2G
 Pre-touch: Disabled
 Parallel Workers: 8

Heap:
 PSYoungGen      total 5120K, used 764K [0x00000000d5580000, 0x00000000d5d00000, 0x0000000100000000)
  eden space 4608K, 11% used [0x00000000d5580000,0x00000000d5607258,0x00000000d5a00000)
  from space 512K, 43% used [0x00000000d5c80000,0x00000000d5cb8000,0x00000000d5d00000)
  to   space 512K, 0% used [0x00000000d5c00000,0x00000000d5c00000,0x00000000d5c80000)
 ParOldGen       total 600064K, used 599920K [0x0000000080000000, 0x00000000a4a00000, 0x00000000d5580000)
  object space 600064K, 99% used [0x0000000080000000,0x00000000a49dc080,0x00000000a4a00000)
 Metaspace       used 90425K, committed 92032K, reserved 1179648K
  class space    used 9244K, committed 10048K, reserved 1048576K

Card table byte_map: [0x000001869cae0000,0x000001869cef0000] _byte_map_base: 0x000001869c6e0000

Marking Bits: (ParMarkBitMap*) 0x00007ffd6db4a340
 Begin Bits: [0x00000186af5e0000, 0x00000186b15e0000)
 End Bits:   [0x00000186b15e0000, 0x00000186b35e0000)

Polling page: 0x000001869afe0000

Metaspace:

Usage:
  Non-class:     79.28 MB used.
      Class:      9.03 MB used.
       Both:     88.31 MB used.

Virtual space:
  Non-class space:      128.00 MB reserved,      80.06 MB ( 63%) committed,  2 nodes.
      Class space:        1.00 GB reserved,       9.81 MB ( <1%) committed,  1 nodes.
             Both:        1.12 GB reserved,      89.88 MB (  8%) committed. 

Chunk freelists:
   Non-Class:  15.50 MB
       Class:  6.17 MB
        Both:  21.67 MB

MaxMetaspaceSize: unlimited
CompressedClassSpaceSize: 1.00 GB
Initial GC threshold: 21.00 MB
Current GC threshold: 143.56 MB
CDS: off
 - commit_granule_bytes: 65536.
 - commit_granule_words: 8192.
 - virtual_space_node_default_size: 8388608.
 - enlarge_chunks_in_place: 1.
 - use_allocation_guard: 0.


Internal statistics:

num_allocs_failed_limit: 9.
num_arena_births: 1452.
num_arena_deaths: 14.
num_vsnodes_births: 3.
num_vsnodes_deaths: 0.
num_space_committed: 1438.
num_space_uncommitted: 0.
num_chunks_returned_to_freelist: 23.
num_chunks_taken_from_freelist: 5268.
num_chunk_merges: 7.
num_chunk_splits: 3166.
num_chunks_enlarged: 1774.
num_inconsistent_stats: 0.

CodeHeap 'non-profiled nmethods': size=120000Kb used=16947Kb max_used=16947Kb free=103052Kb
 bounds [0x00000186a7e00000, 0x00000186a8e90000, 0x00000186af330000]
CodeHeap 'profiled nmethods': size=120000Kb used=40782Kb max_used=40782Kb free=79217Kb
 bounds [0x00000186a0330000, 0x00000186a2b10000, 0x00000186a7860000]
CodeHeap 'non-nmethods': size=5760Kb used=1501Kb max_used=1570Kb free=4258Kb
 bounds [0x00000186a7860000, 0x00000186a7ad0000, 0x00000186a7e00000]
CodeCache: size=245760Kb, used=59230Kb, max_used=59299Kb, free=186527Kb
 total_blobs=16814, nmethods=15986, adapters=729, full_count=0
Compilation: enabled, stopped_count=0, restarted_count=0

Compilation events (20 events):
Event: 427.125 Thread 0x00000186b8a55a30 nmethod 17268 0x00000186a2aec110 code [0x00000186a2aec2e0, 0x00000186a2aec558]
Event: 427.232 Thread 0x00000186b8a55a30 17269   !   3       org.eclipse.jdt.internal.core.SearchableEnvironment::find (393 bytes)
Event: 427.235 Thread 0x00000186b8a3f330 17270       4       org.eclipse.jdt.core.dom.MethodBinding::filterTypeAnnotations (168 bytes)
Event: 427.236 Thread 0x00000186b8a55a30 nmethod 17269 0x00000186a2aec690 code [0x00000186a2aecbc0, 0x00000186a2aefc70]
Event: 427.254 Thread 0x00000186b8a3f330 nmethod 17270 0x00000186a8e88110 code [0x00000186a8e883c0, 0x00000186a8e898f8]
Event: 427.563 Thread 0x00000186b8a3f330 17271       4       org.eclipse.jdt.core.dom.ASTVisitor::endVisit (1 bytes)
Event: 427.563 Thread 0x00000186b8a3f330 nmethod 17271 0x00000186a8e8a690 code [0x00000186a8e8a820, 0x00000186a8e8a8a8]
Event: 427.733 Thread 0x00000186b8a3f330 17272   !   4       org.eclipse.jdt.internal.core.NameLookup::<init> (805 bytes)
Event: 427.856 Thread 0x00000186b8a55a30 17276       3       org.eclipse.jdt.internal.compiler.parser.RecoveredElement::preserveEnclosingBlocks (45 bytes)
Event: 427.856 Thread 0x00000186b8a55a30 nmethod 17276 0x00000186a2af1110 code [0x00000186a2af12e0, 0x00000186a2af18a0]
Event: 427.857 Thread 0x00000186b8a55a30 17277       3       org.eclipse.jdt.internal.compiler.parser.RecoveredMethod::updateSourceEndIfNecessary (71 bytes)
Event: 427.858 Thread 0x00000186b8a55a30 nmethod 17277 0x00000186a2af1a10 code [0x00000186a2af1c00, 0x00000186a2af2338]
Event: 427.859 Thread 0x00000186b8a55a30 17278       3       org.eclipse.jdt.internal.compiler.parser.RecoveredMethod::resetPendingModifiers (21 bytes)
Event: 427.860 Thread 0x00000186b8a55a30 nmethod 17278 0x00000186a2af2590 code [0x00000186a2af2720, 0x00000186a2af2860]
Event: 428.099 Thread 0x00000186b8a55a30 17279       3       org.eclipse.jdt.internal.compiler.parser.RecoveredMethod::add (164 bytes)
Event: 428.100 Thread 0x00000186b8a55a30 nmethod 17279 0x00000186a2af2910 code [0x00000186a2af2ba0, 0x00000186a2af36c0]
Event: 428.100 Thread 0x00000186b8a55a30 17280       3       org.eclipse.jdt.internal.compiler.parser.RecoveredMethod::recoverAsArgument (246 bytes)
Event: 428.894 Thread 0x00000186b8a55a30 nmethod 17280 0x00000186a2af3a10 code [0x00000186a2af3c60, 0x00000186a2af4838]
Event: 428.901 Thread 0x00000186b8a55a30 17281       3       org.eclipse.jdt.internal.codeassist.complete.CompletionParser::consumeModifiers (33 bytes)
Event: 428.902 Thread 0x00000186b8a55a30 nmethod 17281 0x00000186a2af4d10 code [0x00000186a2af4ec0, 0x00000186a2af5070]

GC Heap History (20 events):
Event: 426.598 GC heap before
{Heap before GC invocations=1120 (full 4):
 PSYoungGen      total 3584K, used 3568K [0x00000000d5580000, 0x00000000d5b00000, 0x0000000100000000)
  eden space 3072K, 100% used [0x00000000d5580000,0x00000000d5880000,0x00000000d5880000)
  from space 512K, 96% used [0x00000000d5a00000,0x00000000d5a7c010,0x00000000d5a80000)
  to   space 512K, 0% used [0x00000000d5a80000,0x00000000d5a80000,0x00000000d5b00000)
 ParOldGen       total 588800K, used 588451K [0x0000000080000000, 0x00000000a3f00000, 0x00000000d5580000)
  object space 588800K, 99% used [0x0000000080000000,0x00000000a3ea8d40,0x00000000a3f00000)
 Metaspace       used 90355K, committed 91968K, reserved 1179648K
  class space    used 9232K, committed 10048K, reserved 1048576K
}
Event: 426.602 GC heap after
{Heap after GC invocations=1120 (full 4):
 PSYoungGen      total 3584K, used 499K [0x00000000d5580000, 0x00000000d5c80000, 0x0000000100000000)
  eden space 3072K, 0% used [0x00000000d5580000,0x00000000d5580000,0x00000000d5880000)
  from space 512K, 97% used [0x00000000d5a80000,0x00000000d5afcc90,0x00000000d5b00000)
  to   space 2048K, 0% used [0x00000000d5880000,0x00000000d5880000,0x00000000d5a80000)
 ParOldGen       total 589824K, used 589672K [0x0000000080000000, 0x00000000a4000000, 0x00000000d5580000)
  object space 589824K, 99% used [0x0000000080000000,0x00000000a3fda2f0,0x00000000a4000000)
 Metaspace       used 90355K, committed 91968K, reserved 1179648K
  class space    used 9232K, committed 10048K, reserved 1048576K
}
Event: 426.619 GC heap before
{Heap before GC invocations=1121 (full 4):
 PSYoungGen      total 3584K, used 3571K [0x00000000d5580000, 0x00000000d5c80000, 0x0000000100000000)
  eden space 3072K, 100% used [0x00000000d5580000,0x00000000d5880000,0x00000000d5880000)
  from space 512K, 97% used [0x00000000d5a80000,0x00000000d5afcc90,0x00000000d5b00000)
  to   space 2048K, 0% used [0x00000000d5880000,0x00000000d5880000,0x00000000d5a80000)
 ParOldGen       total 589824K, used 589672K [0x0000000080000000, 0x00000000a4000000, 0x00000000d5580000)
  object space 589824K, 99% used [0x0000000080000000,0x00000000a3fda2f0,0x00000000a4000000)
 Metaspace       used 90366K, committed 92032K, reserved 1179648K
  class space    used 9236K, committed 10048K, reserved 1048576K
}
Event: 426.625 GC heap after
{Heap after GC invocations=1121 (full 4):
 PSYoungGen      total 5120K, used 2041K [0x00000000d5580000, 0x00000000d6080000, 0x0000000100000000)
  eden space 3072K, 0% used [0x00000000d5580000,0x00000000d5580000,0x00000000d5880000)
  from space 2048K, 99% used [0x00000000d5880000,0x00000000d5a7e6d8,0x00000000d5a80000)
  to   space 4096K, 0% used [0x00000000d5c80000,0x00000000d5c80000,0x00000000d6080000)
 ParOldGen       total 591360K, used 591076K [0x0000000080000000, 0x00000000a4180000, 0x00000000d5580000)
  object space 591360K, 99% used [0x0000000080000000,0x00000000a4139098,0x00000000a4180000)
 Metaspace       used 90366K, committed 92032K, reserved 1179648K
  class space    used 9236K, committed 10048K, reserved 1048576K
}
Event: 426.636 GC heap before
{Heap before GC invocations=1122 (full 4):
 PSYoungGen      total 5120K, used 5113K [0x00000000d5580000, 0x00000000d6080000, 0x0000000100000000)
  eden space 3072K, 99% used [0x00000000d5580000,0x00000000d587ffe0,0x00000000d5880000)
  from space 2048K, 99% used [0x00000000d5880000,0x00000000d5a7e6d8,0x00000000d5a80000)
  to   space 4096K, 0% used [0x00000000d5c80000,0x00000000d5c80000,0x00000000d6080000)
 ParOldGen       total 591360K, used 591076K [0x0000000080000000, 0x00000000a4180000, 0x00000000d5580000)
  object space 591360K, 99% used [0x0000000080000000,0x00000000a4139098,0x00000000a4180000)
 Metaspace       used 90366K, committed 92032K, reserved 1179648K
  class space    used 9236K, committed 10048K, reserved 1048576K
}
Event: 426.644 GC heap after
{Heap after GC invocations=1122 (full 4):
 PSYoungGen      total 7680K, used 3168K [0x00000000d5580000, 0x00000000d6080000, 0x0000000100000000)
  eden space 3584K, 0% used [0x00000000d5580000,0x00000000d5580000,0x00000000d5900000)
  from space 4096K, 77% used [0x00000000d5c80000,0x00000000d5f98000,0x00000000d6080000)
  to   space 3584K, 0% used [0x00000000d5900000,0x00000000d5900000,0x00000000d5c80000)
 ParOldGen       total 593408K, used 593165K [0x0000000080000000, 0x00000000a4380000, 0x00000000d5580000)
  object space 593408K, 99% used [0x0000000080000000,0x00000000a4343770,0x00000000a4380000)
 Metaspace       used 90366K, committed 92032K, reserved 1179648K
  class space    used 9236K, committed 10048K, reserved 1048576K
}
Event: 426.654 GC heap before
{Heap before GC invocations=1123 (full 4):
 PSYoungGen      total 7680K, used 6752K [0x00000000d5580000, 0x00000000d6080000, 0x0000000100000000)
  eden space 3584K, 100% used [0x00000000d5580000,0x00000000d5900000,0x00000000d5900000)
  from space 4096K, 77% used [0x00000000d5c80000,0x00000000d5f98000,0x00000000d6080000)
  to   space 3584K, 0% used [0x00000000d5900000,0x00000000d5900000,0x00000000d5c80000)
 ParOldGen       total 593408K, used 593165K [0x0000000080000000, 0x00000000a4380000, 0x00000000d5580000)
  object space 593408K, 99% used [0x0000000080000000,0x00000000a4343770,0x00000000a4380000)
 Metaspace       used 90368K, committed 92032K, reserved 1179648K
  class space    used 9236K, committed 10048K, reserved 1048576K
}
Event: 426.661 GC heap after
{Heap after GC invocations=1123 (full 4):
 PSYoungGen      total 7168K, used 2608K [0x00000000d5580000, 0x00000000d6000000, 0x0000000100000000)
  eden space 3584K, 0% used [0x00000000d5580000,0x00000000d5580000,0x00000000d5900000)
  from space 3584K, 72% used [0x00000000d5900000,0x00000000d5b8c010,0x00000000d5c80000)
  to   space 3072K, 0% used [0x00000000d5d00000,0x00000000d5d00000,0x00000000d6000000)
 ParOldGen       total 596480K, used 596245K [0x0000000080000000, 0x00000000a4680000, 0x00000000d5580000)
  object space 596480K, 99% used [0x0000000080000000,0x00000000a4645770,0x00000000a4680000)
 Metaspace       used 90368K, committed 92032K, reserved 1179648K
  class space    used 9236K, committed 10048K, reserved 1048576K
}
Event: 426.699 GC heap before
{Heap before GC invocations=1124 (full 4):
 PSYoungGen      total 7168K, used 6191K [0x00000000d5580000, 0x00000000d6000000, 0x0000000100000000)
  eden space 3584K, 99% used [0x00000000d5580000,0x00000000d58fffe0,0x00000000d5900000)
  from space 3584K, 72% used [0x00000000d5900000,0x00000000d5b8c010,0x00000000d5c80000)
  to   space 3072K, 0% used [0x00000000d5d00000,0x00000000d5d00000,0x00000000d6000000)
 ParOldGen       total 596480K, used 596245K [0x0000000080000000, 0x00000000a4680000, 0x00000000d5580000)
  object space 596480K, 99% used [0x0000000080000000,0x00000000a4645770,0x00000000a4680000)
 Metaspace       used 90397K, committed 92032K, reserved 1179648K
  class space    used 9240K, committed 10048K, reserved 1048576K
}
Event: 426.707 GC heap after
{Heap after GC invocations=1124 (full 4):
 PSYoungGen      total 5632K, used 704K [0x00000000d5580000, 0x00000000d5e00000, 0x0000000100000000)
  eden space 4608K, 0% used [0x00000000d5580000,0x00000000d5580000,0x00000000d5a00000)
  from space 1024K, 68% used [0x00000000d5d00000,0x00000000d5db0000,0x00000000d5e00000)
  to   space 1536K, 0% used [0x00000000d5b00000,0x00000000d5b00000,0x00000000d5c80000)
 ParOldGen       total 599040K, used 598741K [0x0000000080000000, 0x00000000a4900000, 0x00000000d5580000)
  object space 599040K, 99% used [0x0000000080000000,0x00000000a48b5770,0x00000000a4900000)
 Metaspace       used 90397K, committed 92032K, reserved 1179648K
  class space    used 9240K, committed 10048K, reserved 1048576K
}
Event: 426.898 GC heap before
{Heap before GC invocations=1125 (full 4):
 PSYoungGen      total 5632K, used 5312K [0x00000000d5580000, 0x00000000d5e00000, 0x0000000100000000)
  eden space 4608K, 100% used [0x00000000d5580000,0x00000000d5a00000,0x00000000d5a00000)
  from space 1024K, 68% used [0x00000000d5d00000,0x00000000d5db0000,0x00000000d5e00000)
  to   space 1536K, 0% used [0x00000000d5b00000,0x00000000d5b00000,0x00000000d5c80000)
 ParOldGen       total 599040K, used 598741K [0x0000000080000000, 0x00000000a4900000, 0x00000000d5580000)
  object space 599040K, 99% used [0x0000000080000000,0x00000000a48b5770,0x00000000a4900000)
 Metaspace       used 90413K, committed 92032K, reserved 1179648K
  class space    used 9244K, committed 10048K, reserved 1048576K
}
Event: 426.900 GC heap after
{Heap after GC invocations=1125 (full 4):
 PSYoungGen      total 6144K, used 496K [0x00000000d5580000, 0x00000000d5d80000, 0x0000000100000000)
  eden space 4608K, 0% used [0x00000000d5580000,0x00000000d5580000,0x00000000d5a00000)
  from space 1536K, 32% used [0x00000000d5b00000,0x00000000d5b7c010,0x00000000d5c80000)
  to   space 1024K, 0% used [0x00000000d5c80000,0x00000000d5c80000,0x00000000d5d80000)
 ParOldGen       total 599552K, used 599124K [0x0000000080000000, 0x00000000a4980000, 0x00000000d5580000)
  object space 599552K, 99% used [0x0000000080000000,0x00000000a49151b0,0x00000000a4980000)
 Metaspace       used 90413K, committed 92032K, reserved 1179648K
  class space    used 9244K, committed 10048K, reserved 1048576K
}
Event: 427.223 GC heap before
{Heap before GC invocations=1126 (full 4):
 PSYoungGen      total 6144K, used 5104K [0x00000000d5580000, 0x00000000d5d80000, 0x0000000100000000)
  eden space 4608K, 100% used [0x00000000d5580000,0x00000000d5a00000,0x00000000d5a00000)
  from space 1536K, 32% used [0x00000000d5b00000,0x00000000d5b7c010,0x00000000d5c80000)
  to   space 1024K, 0% used [0x00000000d5c80000,0x00000000d5c80000,0x00000000d5d80000)
 ParOldGen       total 599552K, used 599124K [0x0000000080000000, 0x00000000a4980000, 0x00000000d5580000)
  object space 599552K, 99% used [0x0000000080000000,0x00000000a49151b0,0x00000000a4980000)
 Metaspace       used 90421K, committed 92032K, reserved 1179648K
  class space    used 9244K, committed 10048K, reserved 1048576K
}
Event: 427.227 GC heap after
{Heap after GC invocations=1126 (full 4):
 PSYoungGen      total 5632K, used 704K [0x00000000d5580000, 0x00000000d5d80000, 0x0000000100000000)
  eden space 4608K, 0% used [0x00000000d5580000,0x00000000d5580000,0x00000000d5a00000)
  from space 1024K, 68% used [0x00000000d5c80000,0x00000000d5d30000,0x00000000d5d80000)
  to   space 1024K, 0% used [0x00000000d5b80000,0x00000000d5b80000,0x00000000d5c80000)
 ParOldGen       total 599552K, used 599512K [0x0000000080000000, 0x00000000a4980000, 0x00000000d5580000)
  object space 599552K, 99% used [0x0000000080000000,0x00000000a4976080,0x00000000a4980000)
 Metaspace       used 90421K, committed 92032K, reserved 1179648K
  class space    used 9244K, committed 10048K, reserved 1048576K
}
Event: 427.413 GC heap before
{Heap before GC invocations=1127 (full 4):
 PSYoungGen      total 5632K, used 5311K [0x00000000d5580000, 0x00000000d5d80000, 0x0000000100000000)
  eden space 4608K, 99% used [0x00000000d5580000,0x00000000d59fffd0,0x00000000d5a00000)
  from space 1024K, 68% used [0x00000000d5c80000,0x00000000d5d30000,0x00000000d5d80000)
  to   space 1024K, 0% used [0x00000000d5b80000,0x00000000d5b80000,0x00000000d5c80000)
 ParOldGen       total 599552K, used 599512K [0x0000000080000000, 0x00000000a4980000, 0x00000000d5580000)
  object space 599552K, 99% used [0x0000000080000000,0x00000000a4976080,0x00000000a4980000)
 Metaspace       used 90421K, committed 92032K, reserved 1179648K
  class space    used 9244K, committed 10048K, reserved 1048576K
}
Event: 427.417 GC heap after
{Heap after GC invocations=1127 (full 4):
 PSYoungGen      total 5632K, used 192K [0x00000000d5580000, 0x00000000d5d00000, 0x0000000100000000)
  eden space 4608K, 0% used [0x00000000d5580000,0x00000000d5580000,0x00000000d5a00000)
  from space 1024K, 18% used [0x00000000d5b80000,0x00000000d5bb0000,0x00000000d5c80000)
  to   space 512K, 0% used [0x00000000d5c80000,0x00000000d5c80000,0x00000000d5d00000)
 ParOldGen       total 600064K, used 599824K [0x0000000080000000, 0x00000000a4a00000, 0x00000000d5580000)
  object space 600064K, 99% used [0x0000000080000000,0x00000000a49c4080,0x00000000a4a00000)
 Metaspace       used 90421K, committed 92032K, reserved 1179648K
  class space    used 9244K, committed 10048K, reserved 1048576K
}
Event: 427.739 GC heap before
{Heap before GC invocations=1128 (full 4):
 PSYoungGen      total 5632K, used 4800K [0x00000000d5580000, 0x00000000d5d00000, 0x0000000100000000)
  eden space 4608K, 100% used [0x00000000d5580000,0x00000000d5a00000,0x00000000d5a00000)
  from space 1024K, 18% used [0x00000000d5b80000,0x00000000d5bb0000,0x00000000d5c80000)
  to   space 512K, 0% used [0x00000000d5c80000,0x00000000d5c80000,0x00000000d5d00000)
 ParOldGen       total 600064K, used 599824K [0x0000000080000000, 0x00000000a4a00000, 0x00000000d5580000)
  object space 600064K, 99% used [0x0000000080000000,0x00000000a49c4080,0x00000000a4a00000)
 Metaspace       used 90421K, committed 92032K, reserved 1179648K
  class space    used 9244K, committed 10048K, reserved 1048576K
}
Event: 427.741 GC heap after
{Heap after GC invocations=1128 (full 4):
 PSYoungGen      total 5120K, used 512K [0x00000000d5580000, 0x00000000d5d00000, 0x0000000100000000)
  eden space 4608K, 0% used [0x00000000d5580000,0x00000000d5580000,0x00000000d5a00000)
  from space 512K, 100% used [0x00000000d5c80000,0x00000000d5d00000,0x00000000d5d00000)
  to   space 1024K, 0% used [0x00000000d5b00000,0x00000000d5b00000,0x00000000d5c00000)
 ParOldGen       total 600064K, used 599864K [0x0000000080000000, 0x00000000a4a00000, 0x00000000d5580000)
  object space 600064K, 99% used [0x0000000080000000,0x00000000a49ce080,0x00000000a4a00000)
 Metaspace       used 90421K, committed 92032K, reserved 1179648K
  class space    used 9244K, committed 10048K, reserved 1048576K
}
Event: 428.894 GC heap before
{Heap before GC invocations=1129 (full 4):
 PSYoungGen      total 5120K, used 5120K [0x00000000d5580000, 0x00000000d5d00000, 0x0000000100000000)
  eden space 4608K, 100% used [0x00000000d5580000,0x00000000d5a00000,0x00000000d5a00000)
  from space 512K, 100% used [0x00000000d5c80000,0x00000000d5d00000,0x00000000d5d00000)
  to   space 1024K, 0% used [0x00000000d5b00000,0x00000000d5b00000,0x00000000d5c00000)
 ParOldGen       total 600064K, used 599864K [0x0000000080000000, 0x00000000a4a00000, 0x00000000d5580000)
  object space 600064K, 99% used [0x0000000080000000,0x00000000a49ce080,0x00000000a4a00000)
 Metaspace       used 90424K, committed 92032K, reserved 1179648K
  class space    used 9244K, committed 10048K, reserved 1048576K
}
Event: 428.898 GC heap after
{Heap after GC invocations=1129 (full 4):
 PSYoungGen      total 5632K, used 288K [0x00000000d5580000, 0x00000000d5d00000, 0x0000000100000000)
  eden space 4608K, 0% used [0x00000000d5580000,0x00000000d5580000,0x00000000d5a00000)
  from space 1024K, 28% used [0x00000000d5b00000,0x00000000d5b48000,0x00000000d5c00000)
  to   space 512K, 0% used [0x00000000d5c80000,0x00000000d5c80000,0x00000000d5d00000)
 ParOldGen       total 600064K, used 599888K [0x0000000080000000, 0x00000000a4a00000, 0x00000000d5580000)
  object space 600064K, 99% used [0x0000000080000000,0x00000000a49d4080,0x00000000a4a00000)
 Metaspace       used 90424K, committed 92032K, reserved 1179648K
  class space    used 9244K, committed 10048K, reserved 1048576K
}

Dll operation events (12 events):
Event: 0.033 Loaded shared library c:\Users\Lenovo\.vscode\extensions\redhat.java-1.45.0-win32-x64\jre\21.0.8-win32-x86_64\bin\java.dll
Event: 1.189 Loaded shared library c:\Users\Lenovo\.vscode\extensions\redhat.java-1.45.0-win32-x64\jre\21.0.8-win32-x86_64\bin\zip.dll
Event: 1.548 Loaded shared library C:\Users\Lenovo\.vscode\extensions\redhat.java-1.45.0-win32-x64\jre\21.0.8-win32-x86_64\bin\instrument.dll
Event: 1.566 Loaded shared library C:\Users\Lenovo\.vscode\extensions\redhat.java-1.45.0-win32-x64\jre\21.0.8-win32-x86_64\bin\net.dll
Event: 1.569 Loaded shared library C:\Users\Lenovo\.vscode\extensions\redhat.java-1.45.0-win32-x64\jre\21.0.8-win32-x86_64\bin\nio.dll
Event: 1.583 Loaded shared library C:\Users\Lenovo\.vscode\extensions\redhat.java-1.45.0-win32-x64\jre\21.0.8-win32-x86_64\bin\zip.dll
Event: 1.631 Loaded shared library C:\Users\Lenovo\.vscode\extensions\redhat.java-1.45.0-win32-x64\jre\21.0.8-win32-x86_64\bin\jimage.dll
Event: 1.792 Loaded shared library c:\Users\Lenovo\.vscode\extensions\redhat.java-1.45.0-win32-x64\jre\21.0.8-win32-x86_64\bin\verify.dll
Event: 11.903 Loaded shared library C:\Users\Lenovo\AppData\Roaming\Code\User\globalStorage\redhat.java\1.45.0\config_win\org.eclipse.equinox.launcher\org.eclipse.equinox.launcher.win32.win32.x86_64_1.2.1400.v20250801-0854\eclipse_11916.dll
Event: 42.907 Loaded shared library C:\Users\Lenovo\AppData\Local\Temp\jna--2022488749\jna3366730833447391058.dll
Event: 46.073 Loaded shared library C:\Users\Lenovo\.vscode\extensions\redhat.java-1.45.0-win32-x64\jre\21.0.8-win32-x86_64\bin\sunmscapi.dll
Event: 46.412 Loaded shared library C:\Users\Lenovo\.vscode\extensions\redhat.java-1.45.0-win32-x64\jre\21.0.8-win32-x86_64\bin\extnet.dll

Deoptimization events (20 events):
Event: 426.891 Thread 0x00000186bc2e3ea0 Uncommon trap: trap_request=0xffffff45 fr.pc=0x00000186a7ef9b7c relative=0x00000000000000dc
Event: 426.891 Thread 0x00000186bc2e3ea0 Uncommon trap: reason=unstable_if action=reinterpret pc=0x00000186a7ef9b7c method=org.eclipse.jdt.internal.codeassist.impl.AssistParser.isInsideMethod()Z @ 14 c2
Event: 426.891 Thread 0x00000186bc2e3ea0 DEOPT PACKING pc=0x00000186a7ef9b7c sp=0x00000077fa3fe200
Event: 426.891 Thread 0x00000186bc2e3ea0 DEOPT UNPACKING pc=0x00000186a78b3aa2 sp=0x00000077fa3fe198 mode 2
Event: 426.891 Thread 0x00000186bc2e3ea0 Uncommon trap: trap_request=0xffffff45 fr.pc=0x00000186a8b4c7c8 relative=0x00000000000000a8
Event: 426.891 Thread 0x00000186bc2e3ea0 Uncommon trap: reason=unstable_if action=reinterpret pc=0x00000186a8b4c7c8 method=org.eclipse.jdt.internal.codeassist.impl.AssistParser.isInsideFieldInitialization()Z @ 14 c2
Event: 426.891 Thread 0x00000186bc2e3ea0 DEOPT PACKING pc=0x00000186a8b4c7c8 sp=0x00000077fa3fe1d0
Event: 426.891 Thread 0x00000186bc2e3ea0 DEOPT UNPACKING pc=0x00000186a78b3aa2 sp=0x00000077fa3fe160 mode 2
Event: 426.891 Thread 0x00000186bc2e3ea0 Uncommon trap: trap_request=0xffffff45 fr.pc=0x00000186a8df8184 relative=0x00000000000005a4
Event: 426.891 Thread 0x00000186bc2e3ea0 Uncommon trap: reason=unstable_if action=reinterpret pc=0x00000186a8df8184 method=org.eclipse.jdt.internal.codeassist.impl.AssistParser.isInsideMethod()Z @ 14 c2
Event: 426.891 Thread 0x00000186bc2e3ea0 DEOPT PACKING pc=0x00000186a8df8184 sp=0x00000077fa3fe1c0
Event: 426.891 Thread 0x00000186bc2e3ea0 DEOPT UNPACKING pc=0x00000186a78b3aa2 sp=0x00000077fa3fe0f8 mode 2
Event: 426.891 Thread 0x00000186bc2e3ea0 Uncommon trap: trap_request=0xffffff45 fr.pc=0x00000186a8dbf62c relative=0x000000000000044c
Event: 426.891 Thread 0x00000186bc2e3ea0 Uncommon trap: reason=unstable_if action=reinterpret pc=0x00000186a8dbf62c method=org.eclipse.jdt.internal.codeassist.complete.CompletionParser.fetchNextToken()Lorg/eclipse/jdt/internal/compiler/parser/TerminalToken; @ 40 c2
Event: 426.891 Thread 0x00000186bc2e3ea0 DEOPT PACKING pc=0x00000186a8dbf62c sp=0x00000077fa3fe280
Event: 426.891 Thread 0x00000186bc2e3ea0 DEOPT UNPACKING pc=0x00000186a78b3aa2 sp=0x00000077fa3fe230 mode 2
Event: 427.561 Thread 0x00000186bb146490 Uncommon trap: trap_request=0xffffff45 fr.pc=0x00000186a8c4c968 relative=0x0000000000002aa8
Event: 427.561 Thread 0x00000186bb146490 Uncommon trap: reason=unstable_if action=reinterpret pc=0x00000186a8c4c968 method=org.eclipse.jdt.internal.compiler.codegen.CharArrayCache.putIfAbsent([CI)I @ 67 c2
Event: 427.562 Thread 0x00000186bb146490 DEOPT PACKING pc=0x00000186a8c4c968 sp=0x00000077fa8fde20
Event: 427.562 Thread 0x00000186bb146490 DEOPT UNPACKING pc=0x00000186a78b3aa2 sp=0x00000077fa8fdd50 mode 2

Classes loaded (20 events):
Event: 376.535 Loading class java/util/stream/AbstractTask
Event: 376.537 Loading class java/util/stream/AbstractTask done
Event: 376.537 Loading class java/util/stream/Nodes$CollectorTask done
Event: 376.537 Loading class java/util/stream/Nodes$CollectorTask$OfRef done
Event: 376.544 Loading class java/util/function/LongFunction
Event: 376.545 Loading class java/util/function/LongFunction done
Event: 376.546 Loading class java/util/stream/Nodes$ConcNode
Event: 376.548 Loading class java/util/stream/Nodes$AbstractConcNode
Event: 376.549 Loading class java/util/stream/Nodes$AbstractConcNode done
Event: 376.549 Loading class java/util/stream/Nodes$ConcNode done
Event: 376.605 Loading class java/util/stream/Nodes$ToArrayTask$OfRef
Event: 376.607 Loading class java/util/stream/Nodes$ToArrayTask
Event: 376.607 Loading class java/util/stream/Nodes$ToArrayTask done
Event: 376.607 Loading class java/util/stream/Nodes$ToArrayTask$OfRef done
Event: 376.619 Loading class java/io/ObjectOutputStream$BlockDataOutputStream
Event: 376.621 Loading class java/io/ObjectOutputStream$BlockDataOutputStream done
Event: 376.622 Loading class java/io/ObjectOutputStream$HandleTable
Event: 376.622 Loading class java/io/ObjectOutputStream$HandleTable done
Event: 376.623 Loading class java/io/ObjectOutputStream$ReplaceTable
Event: 376.623 Loading class java/io/ObjectOutputStream$ReplaceTable done

Classes unloaded (7 events):
Event: 44.623 Thread 0x00000186b89e2b80 Unloading class 0x0000000100293000 'java/lang/invoke/LambdaForm$MH+0x0000000100293000'
Event: 44.623 Thread 0x00000186b89e2b80 Unloading class 0x0000000100292c00 'java/lang/invoke/LambdaForm$MH+0x0000000100292c00'
Event: 44.623 Thread 0x00000186b89e2b80 Unloading class 0x0000000100292800 'java/lang/invoke/LambdaForm$MH+0x0000000100292800'
Event: 44.623 Thread 0x00000186b89e2b80 Unloading class 0x0000000100292400 'java/lang/invoke/LambdaForm$MH+0x0000000100292400'
Event: 44.623 Thread 0x00000186b89e2b80 Unloading class 0x0000000100292000 'java/lang/invoke/LambdaForm$BMH+0x0000000100292000'
Event: 44.623 Thread 0x00000186b89e2b80 Unloading class 0x0000000100291c00 'java/lang/invoke/LambdaForm$DMH+0x0000000100291c00'
Event: 44.623 Thread 0x00000186b89e2b80 Unloading class 0x0000000100290800 'java/lang/invoke/LambdaForm$DMH+0x0000000100290800'

Classes redefined (0 events):
No events

Internal exceptions (20 events):
Event: 382.682 Thread 0x00000186bc2dd5a0 Exception <a 'sun/nio/fs/WindowsException'{0x00000000d5822a20}> (0x00000000d5822a20) 
thrown [s\src\hotspot\share\prims\jni.cpp, line 520]
Event: 383.154 Thread 0x00000186bc2e3ea0 Exception <a 'java/lang/ArrayIndexOutOfBoundsException'{0x00000000d560f190}> (0x00000000d560f190) 
thrown [s\src\hotspot\share\runtime\sharedRuntime.cpp, line 625]
Event: 383.157 Thread 0x00000186bc2e3ea0 Exception <a 'java/lang/ArrayIndexOutOfBoundsException'{0x00000000d5671f48}> (0x00000000d5671f48) 
thrown [s\src\hotspot\share\runtime\sharedRuntime.cpp, line 625]
Event: 383.157 Thread 0x00000186bc2e3ea0 Exception <a 'java/lang/ArrayIndexOutOfBoundsException'{0x00000000d5673750}> (0x00000000d5673750) 
thrown [s\src\hotspot\share\runtime\sharedRuntime.cpp, line 625]
Event: 383.157 Thread 0x00000186bc2e3ea0 Exception <a 'java/lang/ArrayIndexOutOfBoundsException'{0x00000000d5673f90}> (0x00000000d5673f90) 
thrown [s\src\hotspot\share\runtime\sharedRuntime.cpp, line 625]
Event: 386.527 Thread 0x00000186bc2dd5a0 Exception <a 'sun/nio/fs/WindowsException'{0x00000000d5820700}> (0x00000000d5820700) 
thrown [s\src\hotspot\share\prims\jni.cpp, line 520]
Event: 386.782 Thread 0x00000186bc2dd5a0 Exception <a 'sun/nio/fs/WindowsException'{0x00000000d558ff58}> (0x00000000d558ff58) 
thrown [s\src\hotspot\share\prims\jni.cpp, line 520]
Event: 394.100 Thread 0x00000186bc2dd5a0 Exception <a 'sun/nio/fs/WindowsException'{0x00000000d55807d0}> (0x00000000d55807d0) 
thrown [s\src\hotspot\share\prims\jni.cpp, line 520]
Event: 394.214 Thread 0x00000186bc2dd5a0 Exception <a 'sun/nio/fs/WindowsException'{0x00000000d55ea5f8}> (0x00000000d55ea5f8) 
thrown [s\src\hotspot\share\prims\jni.cpp, line 520]
Event: 396.752 Thread 0x00000186bc2dd5a0 Exception <a 'sun/nio/fs/WindowsException'{0x00000000d56be0d8}> (0x00000000d56be0d8) 
thrown [s\src\hotspot\share\prims\jni.cpp, line 520]
Event: 396.922 Thread 0x00000186bc2dd5a0 Exception <a 'sun/nio/fs/WindowsException'{0x00000000d5670a00}> (0x00000000d5670a00) 
thrown [s\src\hotspot\share\prims\jni.cpp, line 520]
Event: 397.237 Thread 0x00000186bdf12540 Exception <a 'java/lang/NoSuchMethodError'{0x00000000d573ebc8}: 'java.lang.Object java.lang.invoke.DirectMethodHandle$Holder.invokeStatic(java.lang.Object, int, java.lang.Object)'> (0x00000000d573ebc8) 
thrown [s\src\hotspot\share\interpreter\linkResolver.cpp, line 773]
Event: 401.691 Thread 0x00000186bc2dd5a0 Exception <a 'sun/nio/fs/WindowsException'{0x00000000d564e878}> (0x00000000d564e878) 
thrown [s\src\hotspot\share\prims\jni.cpp, line 520]
Event: 401.918 Thread 0x00000186bc2dd5a0 Exception <a 'sun/nio/fs/WindowsException'{0x00000000d57f4bd8}> (0x00000000d57f4bd8) 
thrown [s\src\hotspot\share\prims\jni.cpp, line 520]
Event: 412.138 Thread 0x00000186bc2dd5a0 Exception <a 'sun/nio/fs/WindowsException'{0x00000000d5717e50}> (0x00000000d5717e50) 
thrown [s\src\hotspot\share\prims\jni.cpp, line 520]
Event: 412.316 Thread 0x00000186bc2dd5a0 Exception <a 'sun/nio/fs/WindowsException'{0x00000000d558efa0}> (0x00000000d558efa0) 
thrown [s\src\hotspot\share\prims\jni.cpp, line 520]
Event: 421.419 Thread 0x00000186bc2dd5a0 Exception <a 'sun/nio/fs/WindowsException'{0x00000000d55c7358}> (0x00000000d55c7358) 
thrown [s\src\hotspot\share\prims\jni.cpp, line 520]
Event: 421.636 Thread 0x00000186bc2dd5a0 Exception <a 'sun/nio/fs/WindowsException'{0x00000000d55e25d8}> (0x00000000d55e25d8) 
thrown [s\src\hotspot\share\prims\jni.cpp, line 520]
Event: 423.195 Thread 0x00000186bc2dd5a0 Exception <a 'sun/nio/fs/WindowsException'{0x00000000d55aa338}> (0x00000000d55aa338) 
thrown [s\src\hotspot\share\prims\jni.cpp, line 520]
Event: 423.354 Thread 0x00000186bc2dd5a0 Exception <a 'sun/nio/fs/WindowsException'{0x00000000d5740248}> (0x00000000d5740248) 
thrown [s\src\hotspot\share\prims\jni.cpp, line 520]

ZGC Phase Switch (0 events):
No events

VM Operations (20 events):
Event: 426.619 Executing VM operation: ParallelGCFailedAllocation (Allocation Failure)
Event: 426.625 Executing VM operation: ParallelGCFailedAllocation (Allocation Failure) done
Event: 426.636 Executing VM operation: ParallelGCFailedAllocation (Allocation Failure)
Event: 426.644 Executing VM operation: ParallelGCFailedAllocation (Allocation Failure) done
Event: 426.654 Executing VM operation: ParallelGCFailedAllocation (Allocation Failure)
Event: 426.661 Executing VM operation: ParallelGCFailedAllocation (Allocation Failure) done
Event: 426.694 Executing VM operation: HandshakeAllThreads (Deoptimize)
Event: 426.694 Executing VM operation: HandshakeAllThreads (Deoptimize) done
Event: 426.699 Executing VM operation: ParallelGCFailedAllocation (Allocation Failure)
Event: 426.707 Executing VM operation: ParallelGCFailedAllocation (Allocation Failure) done
Event: 426.898 Executing VM operation: ParallelGCFailedAllocation (Allocation Failure)
Event: 426.900 Executing VM operation: ParallelGCFailedAllocation (Allocation Failure) done
Event: 427.223 Executing VM operation: ParallelGCFailedAllocation (Allocation Failure)
Event: 427.227 Executing VM operation: ParallelGCFailedAllocation (Allocation Failure) done
Event: 427.413 Executing VM operation: ParallelGCFailedAllocation (Allocation Failure)
Event: 427.417 Executing VM operation: ParallelGCFailedAllocation (Allocation Failure) done
Event: 427.738 Executing VM operation: ParallelGCFailedAllocation (Allocation Failure)
Event: 427.741 Executing VM operation: ParallelGCFailedAllocation (Allocation Failure) done
Event: 428.104 Executing VM operation: ParallelGCFailedAllocation (Allocation Failure)
Event: 428.898 Executing VM operation: ParallelGCFailedAllocation (Allocation Failure) done

Memory protections (0 events):
No events

Nmethod flushes (20 events):
Event: 282.662 Thread 0x00000186b89e2b80 flushing  nmethod 0x00000186a0eb4a90
Event: 282.662 Thread 0x00000186b89e2b80 flushing  nmethod 0x00000186a0ec0c10
Event: 282.662 Thread 0x00000186b89e2b80 flushing  nmethod 0x00000186a0ec3b10
Event: 282.662 Thread 0x00000186b89e2b80 flushing  nmethod 0x00000186a0ef6510
Event: 282.662 Thread 0x00000186b89e2b80 flushing  nmethod 0x00000186a0ef7710
Event: 282.662 Thread 0x00000186b89e2b80 flushing  nmethod 0x00000186a0ef9010
Event: 282.662 Thread 0x00000186b89e2b80 flushing  nmethod 0x00000186a0ef9490
Event: 282.662 Thread 0x00000186b89e2b80 flushing  nmethod 0x00000186a0efa010
Event: 282.662 Thread 0x00000186b89e2b80 flushing  nmethod 0x00000186a0efb690
Event: 282.662 Thread 0x00000186b89e2b80 flushing  nmethod 0x00000186a0effa10
Event: 282.662 Thread 0x00000186b89e2b80 flushing  nmethod 0x00000186a0efff90
Event: 282.662 Thread 0x00000186b89e2b80 flushing  nmethod 0x00000186a0f11a10
Event: 282.662 Thread 0x00000186b89e2b80 flushing  nmethod 0x00000186a0f26790
Event: 282.662 Thread 0x00000186b89e2b80 flushing  nmethod 0x00000186a0f7cd10
Event: 282.662 Thread 0x00000186b89e2b80 flushing  nmethod 0x00000186a0f85a90
Event: 282.662 Thread 0x00000186b89e2b80 flushing  nmethod 0x00000186a0f90f10
Event: 282.662 Thread 0x00000186b89e2b80 flushing  nmethod 0x00000186a0f91390
Event: 282.662 Thread 0x00000186b89e2b80 flushing  nmethod 0x00000186a0f91e10
Event: 282.662 Thread 0x00000186b89e2b80 flushing  nmethod 0x00000186a0f93890
Event: 282.662 Thread 0x00000186b89e2b80 flushing  nmethod 0x00000186a0fb1010

Events (20 events):
Event: 297.330 Thread 0x00000186bb0a4860 Thread exited: 0x00000186bb0a4860
Event: 336.708 Thread 0x00000186b8a3f330 Thread added: 0x00000186bb0a85b0
Event: 337.273 Thread 0x00000186bb0a85b0 Thread exited: 0x00000186bb0a85b0
Event: 337.630 Thread 0x00000186b8a55a30 Thread added: 0x00000186bb0a85b0
Event: 337.969 Thread 0x00000186bb0a85b0 Thread exited: 0x00000186bb0a85b0
Event: 345.729 Thread 0x00000186b8a55a30 Thread added: 0x00000186bb0a85b0
Event: 346.315 Thread 0x00000186bb0a85b0 Thread exited: 0x00000186bb0a85b0
Event: 361.914 Thread 0x00000186bc2e0a20 Thread added: 0x00000186b9d734d0
Event: 376.527 Thread 0x00000186b9d71400 Thread added: 0x00000186b9d76fe0
Event: 376.554 Thread 0x00000186b9d76fe0 Thread exited: 0x00000186b9d76fe0
Event: 376.592 Thread 0x00000186b9d71400 Thread added: 0x00000186b9d76950
Event: 376.604 Thread 0x00000186b9d76950 Thread added: 0x00000186b9d77d00
Event: 376.608 Thread 0x00000186b9d76950 Thread added: 0x00000186b9d76fe0
Event: 376.612 Thread 0x00000186b9d76fe0 Thread exited: 0x00000186b9d76fe0
Event: 376.612 Thread 0x00000186b9d77d00 Thread exited: 0x00000186b9d77d00
Event: 376.612 Thread 0x00000186b9d76950 Thread exited: 0x00000186b9d76950
Event: 376.629 Thread 0x00000186b8a55a30 Thread added: 0x00000186bb0a85b0
Event: 376.930 Thread 0x00000186bb0a85b0 Thread exited: 0x00000186bb0a85b0
Event: 392.210 Thread 0x00000186b8a55a30 Thread added: 0x00000186bb0a4f30
Event: 392.597 Thread 0x00000186bb0a4f30 Thread exited: 0x00000186bb0a4f30


Dynamic libraries:
0x00007ff754cd0000 - 0x00007ff754cde000 	c:\Users\Lenovo\.vscode\extensions\redhat.java-1.45.0-win32-x64\jre\21.0.8-win32-x86_64\bin\java.exe
0x00007ffdc7da0000 - 0x00007ffdc8007000 	C:\WINDOWS\SYSTEM32\ntdll.dll
0x00007ffdc6720000 - 0x00007ffdc67e9000 	C:\WINDOWS\System32\KERNEL32.DLL
0x00007ffdc5050000 - 0x00007ffdc5440000 	C:\WINDOWS\System32\KERNELBASE.dll
0x00007ffdc5530000 - 0x00007ffdc567b000 	C:\WINDOWS\System32\ucrtbase.dll
0x00007ffdb6b70000 - 0x00007ffdb6b88000 	c:\Users\Lenovo\.vscode\extensions\redhat.java-1.45.0-win32-x64\jre\21.0.8-win32-x86_64\bin\jli.dll
0x00007ffdc5ed0000 - 0x00007ffdc6095000 	C:\WINDOWS\System32\USER32.dll
0x00007ffdb6c80000 - 0x00007ffdb6c9e000 	c:\Users\Lenovo\.vscode\extensions\redhat.java-1.45.0-win32-x64\jre\21.0.8-win32-x86_64\bin\VCRUNTIME140.dll
0x00007ffdc5500000 - 0x00007ffdc5527000 	C:\WINDOWS\System32\win32u.dll
0x00007ffdc7930000 - 0x00007ffdc795b000 	C:\WINDOWS\System32\GDI32.dll
0x00007ffdc5740000 - 0x00007ffdc5878000 	C:\WINDOWS\System32\gdi32full.dll
0x00007ffdc5450000 - 0x00007ffdc54f3000 	C:\WINDOWS\System32\msvcp_win.dll
0x00007ffda36f0000 - 0x00007ffda398a000 	C:\WINDOWS\WinSxS\amd64_microsoft.windows.common-controls_6595b64144ccf1df_6.0.26100.4768_none_3e0c112ce331287c\COMCTL32.dll
0x00007ffdc60b0000 - 0x00007ffdc6159000 	C:\WINDOWS\System32\msvcrt.dll
0x00007ffdc6690000 - 0x00007ffdc66bf000 	C:\WINDOWS\System32\IMM32.DLL
0x00007ffdbc840000 - 0x00007ffdbc84c000 	c:\Users\Lenovo\.vscode\extensions\redhat.java-1.45.0-win32-x64\jre\21.0.8-win32-x86_64\bin\vcruntime140_1.dll
0x00007ffd8e2e0000 - 0x00007ffd8e36d000 	c:\Users\Lenovo\.vscode\extensions\redhat.java-1.45.0-win32-x64\jre\21.0.8-win32-x86_64\bin\msvcp140.dll
0x00007ffd6ce90000 - 0x00007ffd6dc27000 	c:\Users\Lenovo\.vscode\extensions\redhat.java-1.45.0-win32-x64\jre\21.0.8-win32-x86_64\bin\server\jvm.dll
0x00007ffdc6910000 - 0x00007ffdc69c4000 	C:\WINDOWS\System32\ADVAPI32.dll
0x00007ffdc5e20000 - 0x00007ffdc5ec6000 	C:\WINDOWS\System32\sechost.dll
0x00007ffdc71b0000 - 0x00007ffdc72c8000 	C:\WINDOWS\System32\RPCRT4.dll
0x00007ffdc5b30000 - 0x00007ffdc5ba4000 	C:\WINDOWS\System32\WS2_32.dll
0x00007ffdc4d30000 - 0x00007ffdc4d8e000 	C:\WINDOWS\SYSTEM32\POWRPROF.dll
0x00007ffdb91b0000 - 0x00007ffdb91e5000 	C:\WINDOWS\SYSTEM32\WINMM.dll
0x00007ffda9c20000 - 0x00007ffda9c2b000 	C:\WINDOWS\SYSTEM32\VERSION.dll
0x00007ffdc4d10000 - 0x00007ffdc4d24000 	C:\WINDOWS\SYSTEM32\UMPDC.dll
0x00007ffdc3c50000 - 0x00007ffdc3c6b000 	C:\WINDOWS\SYSTEM32\kernel.appcore.dll
0x00007ffdbc240000 - 0x00007ffdbc24a000 	c:\Users\Lenovo\.vscode\extensions\redhat.java-1.45.0-win32-x64\jre\21.0.8-win32-x86_64\bin\jimage.dll
0x00007ffdad940000 - 0x00007ffdadb81000 	C:\WINDOWS\SYSTEM32\DBGHELP.DLL
0x00007ffdc79c0000 - 0x00007ffdc7d45000 	C:\WINDOWS\System32\combase.dll
0x00007ffdc7810000 - 0x00007ffdc78f0000 	C:\WINDOWS\System32\OLEAUT32.dll
0x00007ffda0e30000 - 0x00007ffda0e73000 	C:\WINDOWS\SYSTEM32\dbgcore.DLL
0x00007ffdc5910000 - 0x00007ffdc59a9000 	C:\WINDOWS\System32\bcryptPrimitives.dll
0x00007ffdbb7b0000 - 0x00007ffdbb7bf000 	c:\Users\Lenovo\.vscode\extensions\redhat.java-1.45.0-win32-x64\jre\21.0.8-win32-x86_64\bin\instrument.dll
0x00007ffdb67c0000 - 0x00007ffdb67df000 	c:\Users\Lenovo\.vscode\extensions\redhat.java-1.45.0-win32-x64\jre\21.0.8-win32-x86_64\bin\java.dll
0x00007ffdb5f50000 - 0x00007ffdb5f68000 	c:\Users\Lenovo\.vscode\extensions\redhat.java-1.45.0-win32-x64\jre\21.0.8-win32-x86_64\bin\zip.dll
0x00007ffdc6a60000 - 0x00007ffdc71ad000 	C:\WINDOWS\System32\SHELL32.dll
0x00007ffdc4ed0000 - 0x00007ffdc5043000 	C:\WINDOWS\System32\wintypes.dll
0x00007ffdc2ab0000 - 0x00007ffdc3310000 	C:\WINDOWS\SYSTEM32\windows.storage.dll
0x00007ffdc5bb0000 - 0x00007ffdc5ca5000 	C:\WINDOWS\System32\SHCORE.dll
0x00007ffdc5db0000 - 0x00007ffdc5e1a000 	C:\WINDOWS\System32\shlwapi.dll
0x00007ffdc4df0000 - 0x00007ffdc4e19000 	C:\WINDOWS\SYSTEM32\profapi.dll
0x00007ffdbb760000 - 0x00007ffdbb770000 	C:\Users\Lenovo\.vscode\extensions\redhat.java-1.45.0-win32-x64\jre\21.0.8-win32-x86_64\bin\net.dll
0x00007ffdbe740000 - 0x00007ffdbe85e000 	C:\WINDOWS\SYSTEM32\WINHTTP.dll
0x00007ffdc41e0000 - 0x00007ffdc424b000 	C:\WINDOWS\system32\mswsock.dll
0x00007ffdb5c30000 - 0x00007ffdb5c46000 	C:\Users\Lenovo\.vscode\extensions\redhat.java-1.45.0-win32-x64\jre\21.0.8-win32-x86_64\bin\nio.dll
0x00007ffdbaae0000 - 0x00007ffdbaaf0000 	c:\Users\Lenovo\.vscode\extensions\redhat.java-1.45.0-win32-x64\jre\21.0.8-win32-x86_64\bin\verify.dll
0x00007ffdaec70000 - 0x00007ffdaecb4000 	C:\Users\Lenovo\AppData\Roaming\Code\User\globalStorage\redhat.java\1.45.0\config_win\org.eclipse.equinox.launcher\org.eclipse.equinox.launcher.win32.win32.x86_64_1.2.1400.v20250801-0854\eclipse_11916.dll
0x00007ffdc62e0000 - 0x00007ffdc6480000 	C:\WINDOWS\System32\ole32.dll
0x00007ffdc44a0000 - 0x00007ffdc44bb000 	C:\WINDOWS\SYSTEM32\CRYPTSP.dll
0x00007ffdc3bb0000 - 0x00007ffdc3beb000 	C:\WINDOWS\system32\rsaenh.dll
0x00007ffdc4280000 - 0x00007ffdc42ab000 	C:\WINDOWS\SYSTEM32\USERENV.dll
0x00007ffdc4dc0000 - 0x00007ffdc4de6000 	C:\WINDOWS\SYSTEM32\bcrypt.dll
0x00007ffdc44c0000 - 0x00007ffdc44cc000 	C:\WINDOWS\SYSTEM32\CRYPTBASE.dll
0x00007ffdc36f0000 - 0x00007ffdc3723000 	C:\WINDOWS\SYSTEM32\IPHLPAPI.DLL
0x00007ffdc60a0000 - 0x00007ffdc60aa000 	C:\WINDOWS\System32\NSI.dll
0x00007ffdaaf00000 - 0x00007ffdaaf49000 	C:\Users\Lenovo\AppData\Local\Temp\jna--2022488749\jna3366730833447391058.dll
0x00007ffdc6160000 - 0x00007ffdc6168000 	C:\WINDOWS\System32\PSAPI.DLL
0x00007ffdbeed0000 - 0x00007ffdbeeef000 	C:\WINDOWS\SYSTEM32\dhcpcsvc6.DLL
0x00007ffdbee80000 - 0x00007ffdbeea5000 	C:\WINDOWS\SYSTEM32\dhcpcsvc.DLL
0x00007ffdbaa60000 - 0x00007ffdbaa6e000 	C:\Users\Lenovo\.vscode\extensions\redhat.java-1.45.0-win32-x64\jre\21.0.8-win32-x86_64\bin\sunmscapi.dll
0x00007ffdc59b0000 - 0x00007ffdc5b27000 	C:\WINDOWS\System32\CRYPT32.dll
0x00007ffdc46c0000 - 0x00007ffdc46f0000 	C:\WINDOWS\SYSTEM32\ncrypt.dll
0x00007ffdc4670000 - 0x00007ffdc46af000 	C:\WINDOWS\SYSTEM32\NTASN1.dll
0x00007ffdc3730000 - 0x00007ffdc3856000 	C:\WINDOWS\SYSTEM32\DNSAPI.dll
0x00007ffdb8f30000 - 0x00007ffdb8f3b000 	C:\Windows\System32\rasadhlp.dll
0x00007ffdbf160000 - 0x00007ffdbf1e6000 	C:\WINDOWS\System32\fwpuclnt.dll
0x00007ffdb7d80000 - 0x00007ffdb7d89000 	C:\Users\Lenovo\.vscode\extensions\redhat.java-1.45.0-win32-x64\jre\21.0.8-win32-x86_64\bin\extnet.dll

JVMTI agents:
c:\Users\Lenovo\.vscode\extensions\redhat.java-1.45.0-win32-x64\lombok\lombok-1.18.39-4050.jar path:c:\Users\Lenovo\.vscode\extensions\redhat.java-1.45.0-win32-x64\jre\21.0.8-win32-x86_64\bin\instrument.dll, loaded, initialized, instrumentlib options:none

dbghelp: loaded successfully - version: 4.0.5 - missing functions: none
symbol engine: initialized successfully - sym options: 0x614 - pdb path: .;c:\Users\Lenovo\.vscode\extensions\redhat.java-1.45.0-win32-x64\jre\21.0.8-win32-x86_64\bin;C:\WINDOWS\SYSTEM32;C:\WINDOWS\WinSxS\amd64_microsoft.windows.common-controls_6595b64144ccf1df_6.0.26100.4768_none_3e0c112ce331287c;c:\Users\Lenovo\.vscode\extensions\redhat.java-1.45.0-win32-x64\jre\21.0.8-win32-x86_64\bin\server;C:\Users\Lenovo\AppData\Roaming\Code\User\globalStorage\redhat.java\1.45.0\config_win\org.eclipse.equinox.launcher\org.eclipse.equinox.launcher.win32.win32.x86_64_1.2.1400.v20250801-0854;C:\Users\Lenovo\AppData\Local\Temp\jna--2022488749

VM Arguments:
jvm_args: --add-modules=ALL-SYSTEM --add-opens=java.base/java.util=ALL-UNNAMED --add-opens=java.base/java.lang=ALL-UNNAMED --add-opens=java.base/sun.nio.fs=ALL-UNNAMED -Declipse.application=org.eclipse.jdt.ls.core.id1 -Dosgi.bundles.defaultStartLevel=4 -Declipse.product=org.eclipse.jdt.ls.core.product -Djava.import.generatesMetadataFilesAtProjectRoot=false -DDetectVMInstallationsJob.disabled=true -Dfile.encoding=utf8 -XX:+UseParallelGC -XX:GCTimeRatio=4 -XX:AdaptiveSizePolicyWeight=90 -Dsun.zip.disableMemoryMapping=true -Xmx2G -Xms100m -Xlog:disable -javaagent:c:\Users\Lenovo\.vscode\extensions\redhat.java-1.45.0-win32-x64\lombok\lombok-1.18.39-4050.jar -XX:+HeapDumpOnOutOfMemoryError -XX:HeapDumpPath=c:\Users\Lenovo\AppData\Roaming\Code\User\workspaceStorage\c27a29a5bd73a0803423ca888fe5830f\redhat.java -Daether.dependencyCollector.impl=bf 
java_command: c:\Users\Lenovo\.vscode\extensions\redhat.java-1.45.0-win32-x64\server\plugins\org.eclipse.equinox.launcher_1.7.0.v20250519-0528.jar -configuration c:\Users\Lenovo\AppData\Roaming\Code\User\globalStorage\redhat.java\1.45.0\config_win -data c:\Users\Lenovo\AppData\Roaming\Code\User\workspaceStorage\c27a29a5bd73a0803423ca888fe5830f\redhat.java\jdt_ws --pipe=\\.\pipe\lsp-4d047faf089980810adf1a34227998df-sock
java_class_path (initial): c:\Users\Lenovo\.vscode\extensions\redhat.java-1.45.0-win32-x64\server\plugins\org.eclipse.equinox.launcher_1.7.0.v20250519-0528.jar
Launcher Type: SUN_STANDARD

[Global flags]
    uintx AdaptiveSizePolicyWeight                 = 90                                        {product} {command line}
     intx CICompilerCount                          = 4                                         {product} {ergonomic}
    uintx GCTimeRatio                              = 4                                         {product} {command line}
     bool HeapDumpOnOutOfMemoryError               = true                                   {manageable} {command line}
    ccstr HeapDumpPath                             = c:\Users\Lenovo\AppData\Roaming\Code\User\workspaceStorage\c27a29a5bd73a0803423ca888fe5830f\redhat.java         {manageable} {command line}
   size_t InitialHeapSize                          = 104857600                                 {product} {command line}
   size_t MaxHeapSize                              = 2147483648                                {product} {command line}
   size_t MaxNewSize                               = 715653120                                 {product} {ergonomic}
   size_t MinHeapDeltaBytes                        = 524288                                    {product} {ergonomic}
   size_t MinHeapSize                              = 104857600                                 {product} {command line}
   size_t NewSize                                  = 34603008                                  {product} {ergonomic}
    uintx NonNMethodCodeHeapSize                   = 5839372                                {pd product} {ergonomic}
    uintx NonProfiledCodeHeapSize                  = 122909434                              {pd product} {ergonomic}
   size_t OldSize                                  = 70254592                                  {product} {ergonomic}
    uintx ProfiledCodeHeapSize                     = 122909434                              {pd product} {ergonomic}
    uintx ReservedCodeCacheSize                    = 251658240                              {pd product} {ergonomic}
     bool SegmentedCodeCache                       = true                                      {product} {ergonomic}
   size_t SoftMaxHeapSize                          = 2147483648                             {manageable} {ergonomic}
     bool UseCompressedOops                        = true                           {product lp64_product} {ergonomic}
     bool UseLargePagesIndividualAllocation        = false                                  {pd product} {ergonomic}
     bool UseParallelGC                            = true                                      {product} {command line}

Logging:
Log output configuration:
 #0: stdout all=off uptime,level,tags foldmultilines=false
 #1: stderr all=off uptime,level,tags foldmultilines=false

Environment Variables:
PATH=C:\Program Files\MongoDB\Tools\100\bin;C:\Program Files\MongoDB\Server\8.0\bin;C:\Downloads\platform-tools-latest-windows\platform-tools;C:\Program Files\Common Files\Oracle\Java\javapath;C:\WINDOWS\system32;C:\WINDOWS;C:\WINDOWS\System32\Wbem;C:\WINDOWS\System32\WindowsPowerShell\v1.0\;C:\WINDOWS\System32\OpenSSH\;C:\Program Files\Git\cmd;C:\Program Files\Vagrant\bin;C:\ProgramData\chocolatey\bin;C:\Program Files\Docker\Docker\resources\bin;C:\Program Files\nodejs\;C:\Program Files (x86)\Google\Cloud SDK\google-cloud-sdk\bin;C:\Users\Lenovo\AppData\Local\Programs\Python\Python310\Scripts\;C:\Users\Lenovo\AppData\Local\Programs\Python\Python310\;C:\Program Files\MySQL\MySQL Shell 8.0\bin\;C:\Users\Lenovo\AppData\Local\Programs\Python\Python312\;C:\Users\Lenovo\AppData\Local\Programs\Python\Python312\Scripts\;C:\Users\Lenovo\AppData\Local\Programs\Python\Python313\Scripts\;C:\Users\Lenovo\AppData\Local\Programs\Python\Python313\;C:\Users\Lenovo\AppData\Local\Programs\Eclipse Adoptium\jdk-21.0.4.7-hotspot\bin;C:\Users\Lenovo\AppData\Local\Programs\Python\Launcher\;C:\Users\Lenovo\AppData\Local\Programs\Microsoft VS Code\bin;C:\Users\Lenovo\AppData\Local\Programs\mongosh\;C:\Users\Lenovo\AppData\Roaming\npm;C:\Users\Lenovo\AppData\Local\Programs\cursor\resources\app\bin
USERNAME=Lenovo
OS=Windows_NT
PROCESSOR_IDENTIFIER=AMD64 Family 23 Model 160 Stepping 0, AuthenticAMD
TMP=C:\Users\Lenovo\AppData\Local\Temp
TEMP=C:\Users\Lenovo\AppData\Local\Temp




Periodic native trim disabled

---------------  S Y S T E M  ---------------

OS:
 Windows 11 , 64 bit Build 26100 (10.0.26100.4768)
OS uptime: 4 days 13:39 hours
Hyper-V role detected

CPU: total 8 (initial active 8) (8 cores per cpu, 2 threads per core) family 23 model 160 stepping 0 microcode 0x8a00006, cx8, cmov, fxsr, ht, mmx, 3dnowpref, sse, sse2, sse3, ssse3, sse4a, sse4.1, sse4.2, popcnt, lzcnt, tsc, tscinvbit, avx, avx2, aes, clmul, bmi1, bmi2, adx, sha, fma, vzeroupper, clflush, clflushopt, hv, rdtscp, rdpid, f16c
Processor Information for the first 8 processors :
  Max Mhz: 2401, Current Mhz: 2401, Mhz Limit: 2401

Memory: 4k page, system-wide physical 5965M (496M free)
TotalPageFile size 24397M (AvailPageFile size 0M)
current process WorkingSet (physical memory assigned to process): 642M, peak: 723M
current process commit charge ("private bytes"): 939M, peak: 940M

vm_info: OpenJDK 64-Bit Server VM (21.0.8+9-LTS) for windows-amd64 JRE (21.0.8+9-LTS), built on 2025-07-15T00:00:00Z by "admin" with MS VC++ 17.7 (VS2022)

END.
